{
  "RSpec": {
    "coverage": {
      "/Users/howtorowacat/Dropbox/projects/Todo-list-delegation-exercise/great/spec/feature_spec.rb": [
        1,
        null,
        1,
        1,
        1,
        1,
        1,
        null,
        null,
        1,
        1,
        1,
        1,
        1,
        null,
        null,
        1,
        1,
        1,
        1,
        1,
        null,
        null,
        null
      ],
      "/Users/howtorowacat/Dropbox/projects/Todo-list-delegation-exercise/great/lib/todo_list.rb": [
        1,
        null,
        null,
        1,
        null,
        1,
        1,
        9,
        null,
        null,
        1,
        11,
        null,
        null,
        1,
        5,
        null,
        null,
        1,
        1,
        null,
        null,
        null,
        null,
        null,
        null,
        null,
        null,
        null,
        null,
        null,
        null,
        1,
        4,
        null,
        null,
        1,
        4,
        null,
        null,
        1,
        7,
        null,
        null,
        1,
        null,
        1,
        5,
        null,
        null
      ],
      "/Users/howtorowacat/Dropbox/projects/Todo-list-delegation-exercise/great/lib/todo.rb": [
        1,
        1,
        1,
        null,
        1,
        12,
        12,
        null,
        null,
        1,
        10,
        null,
        null,
        1,
        1,
        null,
        null,
        null
      ],
      "/Users/howtorowacat/Dropbox/projects/Todo-list-delegation-exercise/great/spec/todo_list_spec.rb": [
        1,
        null,
        1,
        4,
        4,
        null,
        1,
        1,
        1,
        null,
        null,
        null,
        1,
        1,
        1,
        1,
        1,
        null,
        null,
        null,
        1,
        1,
        1,
        1,
        null,
        null,
        1,
        1,
        1,
        null,
        null,
        null
      ],
      "/Users/howtorowacat/Dropbox/projects/Todo-list-delegation-exercise/great/spec/todo_printer_spec.rb": [
        1,
        null,
        1,
        null,
        null,
        null,
        1,
        1,
        1,
        1,
        1,
        1,
        null,
        1,
        null,
        null,
        null,
        null,
        null,
        1,
        1,
        1,
        null,
        1,
        null,
        null,
        null,
        null,
        null,
        null
      ],
      "/Users/howtorowacat/Dropbox/projects/Todo-list-delegation-exercise/great/lib/todo_printer.rb": [
        1,
        null,
        null,
        null,
        null,
        null,
        null,
        null,
        null,
        1,
        4,
        null,
        null,
        1,
        4,
        null,
        null,
        1,
        4,
        null,
        null,
        null,
        null
      ],
      "/Users/howtorowacat/Dropbox/projects/Todo-list-delegation-exercise/great/spec/todo_spec.rb": [
        1,
        null,
        1,
        1,
        3,
        null,
        1,
        1,
        null,
        null,
        1,
        1,
        null,
        null,
        null,
        1,
        3,
        null,
        1,
        1,
        null,
        null,
        1,
        1,
        1,
        null,
        null,
        null,
        null,
        null,
        null
      ]
    },
    "timestamp": 1539293045
  }
}
